<?xml version="1.0" encoding="UTF-8"?>
<testsuite xmlns:xsi="http://www.w3.org/2001/XMLSchema-instance" xsi:noNamespaceSchemaLocation="https://maven.apache.org/surefire/maven-surefire-plugin/xsd/surefire-test-report.xsd" name="com.geekbrains.lesson4.ComplexSearchAndCuisineTest" time="8.388" tests="12" errors="0" skipped="0" failures="0">
  <properties>
[...]
</properties>
  <testcase name="postMangoFriedRice" classname="com.geekbrains.lesson4.ComplexSearchAndCuisineTest" time="3.345"/>
  <testcase name="addItem2ToMealPlan" classname="com.geekbrains.lesson4.ComplexSearchAndCuisineTest" time="0.524"/>
  <testcase name="getGlutenFreeBurger" classname="com.geekbrains.lesson4.ComplexSearchAndCuisineTest" time="0.426"/>
  <testcase name="postThaiPastaSalad" classname="com.geekbrains.lesson4.ComplexSearchAndCuisineTest" time="0.305"/>
  <testcase name="getVegetarianWithMinProtein50FillIngredients" classname="com.geekbrains.lesson4.ComplexSearchAndCuisineTest" time="0.655"/>
  <testcase name="postAfricanChickenPeanutStew" classname="com.geekbrains.lesson4.ComplexSearchAndCuisineTest" time="0.294"/>
  <testcase name="getVegetarianBurger" classname="com.geekbrains.lesson4.ComplexSearchAndCuisineTest" time="0.306"/>
  <testcase name="postFalafelBurger" classname="com.geekbrains.lesson4.ComplexSearchAndCuisineTest" time="0.262"/>
  <testcase name="addItem1ToMealPlan" classname="com.geekbrains.lesson4.ComplexSearchAndCuisineTest" time="0.236"/>
  <testcase name="postJensSwedishMeatballs" classname="com.geekbrains.lesson4.ComplexSearchAndCuisineTest" time="0.291"/>
  <testcase name="getNegativeIfVegetarianContainsFish" classname="com.geekbrains.lesson4.ComplexSearchAndCuisineTest" time="0.269"/>
  <testcase name="getDrinkMilkWormwood" classname="com.geekbrains.lesson4.ComplexSearchAndCuisineTest" time="0.309"/>
</testsuite>